mode: set
github.com/blogCRUDWebsocket/internal/app/blog/service.go:34.55,39.2 1 1
github.com/blogCRUDWebsocket/internal/app/blog/service.go:41.58,43.42 1 1
github.com/blogCRUDWebsocket/internal/app/blog/service.go:47.2,59.18 5 1
github.com/blogCRUDWebsocket/internal/app/blog/service.go:43.42,45.3 1 1
github.com/blogCRUDWebsocket/internal/app/blog/service.go:61.42,63.2 1 1
github.com/blogCRUDWebsocket/internal/app/blog/service.go:64.69,66.16 2 1
github.com/blogCRUDWebsocket/internal/app/blog/service.go:69.2,81.18 5 1
github.com/blogCRUDWebsocket/internal/app/blog/service.go:66.16,68.3 1 1
github.com/blogCRUDWebsocket/internal/app/blog/service.go:83.43,85.16 2 1
github.com/blogCRUDWebsocket/internal/app/blog/service.go:88.2,92.24 3 1
github.com/blogCRUDWebsocket/internal/app/blog/service.go:85.16,87.3 1 1
github.com/blogCRUDWebsocket/internal/app/blog/handler.go:24.39,28.2 1 0
github.com/blogCRUDWebsocket/internal/app/blog/handler.go:30.66,34.61 2 0
github.com/blogCRUDWebsocket/internal/app/blog/handler.go:38.2,41.16 3 0
github.com/blogCRUDWebsocket/internal/app/blog/handler.go:46.2,46.39 1 0
github.com/blogCRUDWebsocket/internal/app/blog/handler.go:34.61,37.3 2 0
github.com/blogCRUDWebsocket/internal/app/blog/handler.go:41.16,44.3 2 0
github.com/blogCRUDWebsocket/internal/app/blog/handler.go:49.64,52.16 2 0
github.com/blogCRUDWebsocket/internal/app/blog/handler.go:57.2,57.40 1 0
github.com/blogCRUDWebsocket/internal/app/blog/handler.go:52.16,55.3 2 0
github.com/blogCRUDWebsocket/internal/app/blog/handler.go:60.66,63.14 2 0
github.com/blogCRUDWebsocket/internal/app/blog/handler.go:68.2,70.61 2 0
github.com/blogCRUDWebsocket/internal/app/blog/handler.go:74.2,77.16 3 0
github.com/blogCRUDWebsocket/internal/app/blog/handler.go:82.2,82.39 1 0
github.com/blogCRUDWebsocket/internal/app/blog/handler.go:63.14,66.3 2 0
github.com/blogCRUDWebsocket/internal/app/blog/handler.go:70.61,73.3 2 0
github.com/blogCRUDWebsocket/internal/app/blog/handler.go:77.16,80.3 2 0
github.com/blogCRUDWebsocket/internal/app/blog/handler.go:85.66,88.14 2 0
github.com/blogCRUDWebsocket/internal/app/blog/handler.go:93.2,93.41 1 0
github.com/blogCRUDWebsocket/internal/app/blog/handler.go:98.2,98.37 1 0
github.com/blogCRUDWebsocket/internal/app/blog/handler.go:88.14,91.3 2 0
github.com/blogCRUDWebsocket/internal/app/blog/handler.go:93.41,96.3 2 0
github.com/blogCRUDWebsocket/internal/app/blog/handler_router.go:9.43,32.2 1 0
github.com/blogCRUDWebsocket/internal/app/blog/repo.go:14.32,18.2 1 0
github.com/blogCRUDWebsocket/internal/app/blog/repo.go:20.41,26.2 4 0
github.com/blogCRUDWebsocket/internal/app/blog/repo.go:27.42,28.20 1 0
github.com/blogCRUDWebsocket/internal/app/blog/repo.go:31.2,31.18 1 0
github.com/blogCRUDWebsocket/internal/app/blog/repo.go:28.20,30.3 1 0
github.com/blogCRUDWebsocket/internal/app/blog/repo.go:34.54,36.33 2 0
github.com/blogCRUDWebsocket/internal/app/blog/repo.go:36.33,37.23 1 0
github.com/blogCRUDWebsocket/internal/app/blog/repo.go:46.3,46.8 1 0
github.com/blogCRUDWebsocket/internal/app/blog/repo.go:37.23,38.25 1 0
github.com/blogCRUDWebsocket/internal/app/blog/repo.go:41.4,41.23 1 0
github.com/blogCRUDWebsocket/internal/app/blog/repo.go:44.4,44.33 1 0
github.com/blogCRUDWebsocket/internal/app/blog/repo.go:38.25,40.5 1 0
github.com/blogCRUDWebsocket/internal/app/blog/repo.go:41.23,43.5 1 0
github.com/blogCRUDWebsocket/internal/app/blog/repo.go:49.43,50.33 1 0
github.com/blogCRUDWebsocket/internal/app/blog/repo.go:58.2,58.12 1 0
github.com/blogCRUDWebsocket/internal/app/blog/repo.go:50.33,51.23 1 0
github.com/blogCRUDWebsocket/internal/app/blog/repo.go:56.3,56.8 1 0
github.com/blogCRUDWebsocket/internal/app/blog/repo.go:51.23,55.4 2 0
github.com/blogCRUDWebsocket/internal/app/blog/repo.go:61.54,62.28 1 0
github.com/blogCRUDWebsocket/internal/app/blog/repo.go:67.2,67.37 1 0
github.com/blogCRUDWebsocket/internal/app/blog/repo.go:62.28,63.20 1 0
github.com/blogCRUDWebsocket/internal/app/blog/repo.go:63.20,65.4 1 0
